<?xml version="1.0" encoding="UTF-8"?>
<!-- Generated by org.testng.reporters.JUnitXMLReporter -->
<testsuite hostname="MDs-MacBook-Air.fios-router.home" ignored="1" name="Default test" tests="1" failures="0" timestamp="2020-07-16T20:04:35 EDT" time="12.331" errors="0">
  <testcase name="AmazonSearch" time="6.822" classname="testSets.AZsearch_Test"/>
  <testcase name="DemoTest1" time="0.0" classname="testSets.AZsearch_Test">
    <ignored/>
  </testcase> <!-- DemoTest1 -->
</testsuite> <!-- Default test -->
