<?xml version="1.0" encoding="UTF-8"?>
<testng-results skipped="0" failed="0" ignored="0" total="1" passed="1">
  <reporter-output>
  </reporter-output>
  <suite name="Default suite" duration-ms="59724" started-at="2020-07-16T22:42:20 EDT" finished-at="2020-07-16T22:43:20 EDT">
    <groups>
    </groups>
    <test name="Default test" duration-ms="59724" started-at="2020-07-16T22:42:20 EDT" finished-at="2020-07-16T22:43:20 EDT">
      <class name="testSets.AmazonCart_Test">
        <test-method status="PASS" signature="SetuoReporter()[pri:0, instance:testSets.AmazonCart_Test@68bbe345]" name="SetuoReporter" is-config="true" duration-ms="366" started-at="2020-07-16T22:42:20 EDT" finished-at="2020-07-16T22:42:20 EDT">
          <reporter-output>
          </reporter-output>
        </test-method> <!-- SetuoReporter -->
        <test-method status="PASS" signature="BeforeMethods()[pri:0, instance:testSets.AmazonCart_Test@68bbe345]" name="BeforeMethods" is-config="true" duration-ms="9381" started-at="2020-07-16T22:42:20 EDT" finished-at="2020-07-16T22:42:30 EDT">
          <reporter-output>
          </reporter-output>
        </test-method> <!-- BeforeMethods -->
        <test-method status="PASS" signature="testAmazonCart()[pri:0, instance:testSets.AmazonCart_Test@68bbe345]" name="testAmazonCart" duration-ms="48864" started-at="2020-07-16T22:42:30 EDT" finished-at="2020-07-16T22:43:19 EDT">
          <reporter-output>
          </reporter-output>
        </test-method> <!-- testAmazonCart -->
        <test-method status="PASS" signature="AFTERMETHODS(org.testng.ITestResult)[pri:0, instance:testSets.AmazonCart_Test@68bbe345]" name="AFTERMETHODS" is-config="true" duration-ms="1409" started-at="2020-07-16T22:43:19 EDT" finished-at="2020-07-16T22:43:20 EDT">
          <params>
            <param index="0">
              <value>
                <![CDATA[[TestResult name=testAmazonCart status=SUCCESS method=AmazonCart_Test.testAmazonCart()[pri:0, instance:testSets.AmazonCart_Test@68bbe345] output={null}]]]>
              </value>
            </param>
          </params>
          <reporter-output>
          </reporter-output>
        </test-method> <!-- AFTERMETHODS -->
        <test-method status="PASS" signature="cleanup()[pri:0, instance:testSets.AmazonCart_Test@68bbe345]" name="cleanup" is-config="true" duration-ms="756" started-at="2020-07-16T22:43:20 EDT" finished-at="2020-07-16T22:43:21 EDT">
          <reporter-output>
          </reporter-output>
        </test-method> <!-- cleanup -->
      </class> <!-- testSets.AmazonCart_Test -->
    </test> <!-- Default test -->
  </suite> <!-- Default suite -->
</testng-results>
